Case #1: 3 3
Case #2: 0 0
Case #3: 10 10
Case #4: 8 2
Case #5: 1 1
Case #6: 7 1
Case #7: 6 1
Case #8: 7 1
Case #9: 9 5
Case #10: 0 0
Case #11: 1 0
Case #12: 6 2
Case #13: 0 0
Case #14: 0 0
Case #15: 7 1
Case #16: 8 2
Case #17: 1 1
Case #18: 9 4
Case #19: 0 0
Case #20: 8 2
Case #21: 4 0
Case #22: 8 5
Case #23: 0 0
Case #24: 2 0
Case #25: 0 0
Case #26: 8 2
Case #27: 8 4
Case #28: 2 1
Case #29: 10 10
Case #30: 0 0
Case #31: 6 0
Case #32: 1 0
Case #33: 0 0
Case #34: 0 0
Case #35: 9 3
Case #36: 0 0
Case #37: 8 2
Case #38: 3 1
Case #39: 5 1
Case #40: 10 10
Case #41: 8 8
Case #42: 1 0
Case #43: 0 0
Case #44: 0 0
Case #45: 1 1
Case #46: 8 2
Case #47: 0 0
Case #48: 8 2
Case #49: 0 0
Case #50: 10 10